<?xml version="1.0" encoding="UTF-8"?>
<!-- Generated by org.testng.reporters.JUnitReportReporter -->
<testsuite hostname="MacBook-Pro-de-Leonardo.local" failures="0" tests="1" name="testNGpackage.NewTest" time="0.009" errors="0" timestamp="2022-02-28T08:49:15 CST" skipped="0">
  <testcase classname="testNGpackage.NewTest" name="f" time="0.009"/>
  <system-out/>
</testsuite> <!-- testNGpackage.NewTest -->
