<?xml version="1.0" encoding="UTF-8"?>
<!-- Generated by org.testng.reporters.JUnitReportReporter -->
<testsuite hostname="MacBook-Pro-de-Leonardo.local" failures="0" tests="1" name="com.testingPractice.Test1" time="0.009" errors="0" timestamp="2022-02-21T10:01:42 CST" skipped="0">
  <testcase classname="com.testingPractice.Test1" name="streamscolletc" time="0.009"/>
  <system-out/>
</testsuite> <!-- com.testingPractice.Test1 -->
