<?xml version="1.0" encoding="UTF-8"?>
<!-- Generated by org.testng.reporters.JUnitReportReporter -->
<testsuite hostname="MacBook-Pro-de-Leonardo.local" failures="0" tests="1" name="testNGpackage.TestngAnnotations" time="0.002" errors="0" timestamp="2022-02-28T08:49:15 CST" skipped="0">
  <testcase classname="testNGpackage.TestngAnnotations" name="test" time="0.002"/>
  <system-out/>
</testsuite> <!-- testNGpackage.TestngAnnotations -->
